ORDER 555a6afb-fb3e-41c5-9544-cdbc96ed4fa2 seller1 SELL 100 10 1771557534336
ORDER c5077dcb-c587-4543-9c0b-3da1589504a8 buyer1 BUY 105 4 1771557534365
TRADE c5077dcb-c587-4543-9c0b-3da1589504a8 555a6afb-fb3e-41c5-9544-cdbc96ed4fa2 100 4 1771557534365
ORDER f4b788e6-632c-48c1-9eff-30880619b16d buyer2 BUY 100 6 1771557534365
TRADE f4b788e6-632c-48c1-9eff-30880619b16d 555a6afb-fb3e-41c5-9544-cdbc96ed4fa2 100 6 1771557534366
ORDER 729e42d0-bf4a-4dbd-a666-3adb0fd9c136 seller1 SELL 100 10 1772083565558
ORDER c64a2e5d-1e54-4568-bee3-990fe3cde36b buyer1 BUY 105 4 1772083565592
TRADE c64a2e5d-1e54-4568-bee3-990fe3cde36b 729e42d0-bf4a-4dbd-a666-3adb0fd9c136 100 4 1772083565592
ORDER 92220288-5c9e-4a1a-9a10-88d14f297953 buyer2 BUY 100 6 1772083565593
TRADE 92220288-5c9e-4a1a-9a10-88d14f297953 729e42d0-bf4a-4dbd-a666-3adb0fd9c136 100 6 1772083565593
ORDER 9e2a8036-019a-48e2-a22a-f3e2bf1dd1cc seller1 SELL 100 10
ORDER 9e2a8036-019a-48e2-a22a-f3e2bf1dd1cc seller1 SELL 100 10 1772083565594
ORDER 278fdfd7-6893-4d50-923a-0a694dca0884 buyer1 BUY 105 4
ORDER 278fdfd7-6893-4d50-923a-0a694dca0884 buyer1 BUY 105 4 1772083565594
TRADE 278fdfd7-6893-4d50-923a-0a694dca0884 9e2a8036-019a-48e2-a22a-f3e2bf1dd1cc 100 4 1772083565594
TRADE 278fdfd7-6893-4d50-923a-0a694dca0884 9e2a8036-019a-48e2-a22a-f3e2bf1dd1cc 100 4
ORDER 02956e10-2d87-4a95-93e1-5c9de14c0d0b buyer1 BUY 100 6
ORDER 02956e10-2d87-4a95-93e1-5c9de14c0d0b buyer1 BUY 100 6 1772083565594
TRADE 02956e10-2d87-4a95-93e1-5c9de14c0d0b 9e2a8036-019a-48e2-a22a-f3e2bf1dd1cc 100 6 1772083565595
TRADE 02956e10-2d87-4a95-93e1-5c9de14c0d0b 9e2a8036-019a-48e2-a22a-f3e2bf1dd1cc 100 6
